2023-09-28 18:40:24,743 [Worker-4: Loading available Gradle versions] INFO  o.e.b.c.i.u.g.PublishedGradleVersions - Gradle version information cache is up-to-date. Trying to read.
2023-09-28 18:42:16,112 [Worker-5: Creating project "com.wazawaza"] INFO  o.e.m.c.i.l.LifecycleMappingFactory - Using org.eclipse.m2e.jdt.JarLifecycleMapping lifecycle mapping for MavenProject: com.wazawaza:com.wazawaza:0.0.1-SNAPSHOT @ C:\LP2-Proyectos\T1-AJ\com.wazawaza\pom.xml.
2023-09-28 18:42:17,007 [Worker-5: Creating project "com.wazawaza"] INFO  o.e.m.j.i.AbstractJavaProjectConfigurator - Adding source folder /com.wazawaza/src/main/java
2023-09-28 18:42:17,010 [Worker-5: Creating project "com.wazawaza"] INFO  o.e.m.j.i.AbstractJavaProjectConfigurator - Adding resource folder /com.wazawaza/src/main/resources
2023-09-28 18:42:17,013 [Worker-5: Creating project "com.wazawaza"] INFO  o.e.m.j.i.AbstractJavaProjectConfigurator - Adding source folder /com.wazawaza/src/test/java
2023-09-28 18:42:17,013 [Worker-5: Creating project "com.wazawaza"] INFO  o.e.m.j.i.AbstractJavaProjectConfigurator - Adding resource folder /com.wazawaza/src/test/resources
2023-09-28 18:42:19,153 [Worker-16: Building] WARN  o.e.m.c.i.embedder.EclipseLogger - Using platform encoding (Cp1252 actually) to copy filtered resources, i.e. build is platform dependent!
2023-09-28 18:42:19,162 [Worker-16: Building] INFO  o.e.m.c.i.embedder.EclipseLogger - Copying 0 resource
2023-09-28 18:42:19,166 [Worker-16: Building] WARN  o.e.m.c.i.embedder.EclipseLogger - Using platform encoding (Cp1252 actually) to copy filtered resources, i.e. build is platform dependent!
2023-09-28 18:42:19,171 [Worker-16: Building] INFO  o.e.m.c.i.embedder.EclipseLogger - Copying 0 resource
2023-09-28 18:59:20,840 [Worker-0: Loading available Gradle versions] INFO  o.e.b.c.i.u.g.PublishedGradleVersions - Gradle version information cache is up-to-date. Trying to read.
2023-09-28 18:59:23,979 [Worker-2: Building] WARN  o.e.m.c.i.embedder.EclipseLogger - The artifact org.hibernate:hibernate-core:jar:6.2.1.Final has been relocated to org.hibernate.orm:hibernate-core:jar:6.2.1.Final
2023-09-28 18:59:24,811 [Worker-2: Building] INFO  o.e.m.c.i.l.LifecycleMappingFactory - Using org.eclipse.m2e.jdt.JarLifecycleMapping lifecycle mapping for MavenProject: com.wazawaza:com.wazawaza:0.0.1-SNAPSHOT @ C:\LP2-Proyectos\T1-AJ\com.wazawaza\pom.xml.
2023-09-28 18:59:24,914 [Worker-2: Building] WARN  o.e.m.c.i.embedder.EclipseLogger - The artifact org.hibernate:hibernate-core:jar:6.2.1.Final has been relocated to org.hibernate.orm:hibernate-core:jar:6.2.1.Final
2023-09-28 18:59:25,441 [Worker-2: Building] WARN  o.e.m.c.i.embedder.EclipseLogger - Using platform encoding (Cp1252 actually) to copy filtered resources, i.e. build is platform dependent!
2023-09-28 18:59:25,448 [Worker-2: Building] INFO  o.e.m.c.i.embedder.EclipseLogger - Copying 0 resource
2023-09-28 18:59:25,455 [Worker-2: Building] WARN  o.e.m.c.i.embedder.EclipseLogger - Using platform encoding (Cp1252 actually) to copy filtered resources, i.e. build is platform dependent!
2023-09-28 18:59:25,456 [Worker-2: Building] INFO  o.e.m.c.i.embedder.EclipseLogger - Copying 0 resource
2023-09-28 18:59:28,917 [Worker-4: Building] INFO  o.e.m.c.i.l.LifecycleMappingFactory - Using org.eclipse.m2e.jdt.JarLifecycleMapping lifecycle mapping for MavenProject: com.wazawaza:com.wazawaza:0.0.1-SNAPSHOT @ C:\LP2-Proyectos\T1-AJ\com.wazawaza\pom.xml.
2023-09-28 18:59:29,050 [Worker-4: Building] WARN  o.e.m.c.i.embedder.EclipseLogger - The artifact org.hibernate:hibernate-core:jar:6.2.1.Final has been relocated to org.hibernate.orm:hibernate-core:jar:6.2.1.Final
2023-09-28 18:59:54,427 [Worker-15: Building] WARN  o.e.m.c.i.embedder.EclipseLogger - Using platform encoding (Cp1252 actually) to copy filtered resources, i.e. build is platform dependent!
2023-09-28 18:59:54,432 [Worker-15: Building] INFO  o.e.m.c.i.embedder.EclipseLogger - Copying 1 resource
2023-09-28 18:59:54,446 [Worker-15: Building] WARN  o.e.m.c.i.embedder.EclipseLogger - Using platform encoding (Cp1252 actually) to copy filtered resources, i.e. build is platform dependent!
2023-09-28 18:59:54,448 [Worker-15: Building] INFO  o.e.m.c.i.embedder.EclipseLogger - Copying 0 resource
2023-09-28 19:00:45,388 [Worker-1: Building] WARN  o.e.m.c.i.embedder.EclipseLogger - Using platform encoding (Cp1252 actually) to copy filtered resources, i.e. build is platform dependent!
2023-09-28 19:00:45,391 [Worker-1: Building] INFO  o.e.m.c.i.embedder.EclipseLogger - Copying 1 resource
2023-09-28 19:00:45,394 [Worker-1: Building] WARN  o.e.m.c.i.embedder.EclipseLogger - Using platform encoding (Cp1252 actually) to copy filtered resources, i.e. build is platform dependent!
2023-09-28 19:00:45,398 [Worker-1: Building] INFO  o.e.m.c.i.embedder.EclipseLogger - Copying 0 resource
2023-09-28 19:01:30,833 [Worker-11: Launching EmpleadoView] WARN  o.e.m.c.i.embedder.EclipseLogger - Using platform encoding (Cp1252 actually) to copy filtered resources, i.e. build is platform dependent!
2023-09-28 19:01:30,836 [Worker-11: Launching EmpleadoView] INFO  o.e.m.c.i.embedder.EclipseLogger - Copying 1 resource
2023-09-28 19:01:30,839 [Worker-11: Launching EmpleadoView] WARN  o.e.m.c.i.embedder.EclipseLogger - Using platform encoding (Cp1252 actually) to copy filtered resources, i.e. build is platform dependent!
2023-09-28 19:01:30,858 [Worker-11: Launching EmpleadoView] INFO  o.e.m.c.i.embedder.EclipseLogger - Copying 0 resource
2023-09-28 19:02:11,702 [Worker-14: Launching EmpleadoView] WARN  o.e.m.c.i.embedder.EclipseLogger - Using platform encoding (Cp1252 actually) to copy filtered resources, i.e. build is platform dependent!
2023-09-28 19:02:11,704 [Worker-14: Launching EmpleadoView] INFO  o.e.m.c.i.embedder.EclipseLogger - Copying 1 resource
2023-09-28 19:02:11,711 [Worker-14: Launching EmpleadoView] WARN  o.e.m.c.i.embedder.EclipseLogger - Using platform encoding (Cp1252 actually) to copy filtered resources, i.e. build is platform dependent!
2023-09-28 19:02:11,721 [Worker-14: Launching EmpleadoView] INFO  o.e.m.c.i.embedder.EclipseLogger - Copying 0 resource
